<?xml version="1.0" encoding="UTF-8"?>
<testng-results skipped="0" failed="2" ignored="0" total="5" passed="3">
  <reporter-output>
    <line>
      <![CDATA[<div "result">I logged in to my bank account (PASSED : 11s)</div>]]>
    </line>
    <line>
      <![CDATA[<div "result">I am on edit customer page (PASSED : 0s)</div>]]>
    </line>
    <line>
      <![CDATA[<div "result">I  enter &quot;empty&quot; value in customer id field (PASSED : 0s)</div>]]>
    </line>
    <line>
      <![CDATA[<div "result">I press tab and move to next field (PASSED : 0s)</div>]]>
    </line>
    <line>
      <![CDATA[<div "result">Error message &quot;Customer ID is required&quot; for id should be displayed (PASSED : 0s)</div>]]>
    </line>
    <line>
      <![CDATA[<div "result">I logged in to my bank account (PASSED : 10s)</div>]]>
    </line>
    <line>
      <![CDATA[<div "result">I am on edit customer page (PASSED : 0s)</div>]]>
    </line>
    <line>
      <![CDATA[<div "result">I  enter &quot;1234Acc&quot; value in customer id field (PASSED : 0s)</div>]]>
    </line>
    <line>
      <![CDATA[<div "result">I press tab and move to next field (PASSED : 0s)</div>]]>
    </line>
    <line>
      <![CDATA[<div "result">Error message &quot;Characters are not allowed&quot; for id should be displayed (FAILED : 0s)</div>]]>
    </line>
    <line>
      <![CDATA[<div "result">I logged in to my bank account (PASSED : 11s)</div>]]>
    </line>
    <line>
      <![CDATA[<div "result">I am on edit customer page (PASSED : 0s)</div>]]>
    </line>
    <line>
      <![CDATA[<div "result">I  enter &quot;Acc123&quot; value in customer id field (PASSED : 0s)</div>]]>
    </line>
    <line>
      <![CDATA[<div "result">I press tab and move to next field (PASSED : 0s)</div>]]>
    </line>
    <line>
      <![CDATA[<div "result">Error message &quot;Characters are not allowed&quot; for id should be displayed (FAILED : 0s)</div>]]>
    </line>
    <line>
      <![CDATA[<div "result">I logged in to my bank account (PASSED : 10s)</div>]]>
    </line>
    <line>
      <![CDATA[<div "result">I am on edit customer page (PASSED : 0s)</div>]]>
    </line>
    <line>
      <![CDATA[<div "result">I  enter &quot;name!@&quot; value in customer id field (PASSED : 0s)</div>]]>
    </line>
    <line>
      <![CDATA[<div "result">I press tab and move to next field (PASSED : 0s)</div>]]>
    </line>
    <line>
      <![CDATA[<div "result">Error message &quot;Special characters are not allowed&quot; for id should be displayed (PASSED : 0s)</div>]]>
    </line>
    <line>
      <![CDATA[<div "result">I logged in to my bank account (PASSED : 11s)</div>]]>
    </line>
    <line>
      <![CDATA[<div "result">I am on edit customer page (PASSED : 0s)</div>]]>
    </line>
    <line>
      <![CDATA[<div "result">I  enter &quot;!@&quot; value in customer id field (PASSED : 0s)</div>]]>
    </line>
    <line>
      <![CDATA[<div "result">I press tab and move to next field (PASSED : 0s)</div>]]>
    </line>
    <line>
      <![CDATA[<div "result">Error message &quot;Special characters are not allowed&quot; for id should be displayed (PASSED : 0s)</div>]]>
    </line>
  </reporter-output>
  <suite name="Default suite" duration-ms="70238" started-at="2018-07-24T22:14:36Z" finished-at="2018-07-24T22:15:46Z">
    <groups>
      <group name="cucumber">
        <method signature="AbstractTestNGCucumberTests.runScenario(cucumber.api.testng.PickleEventWrapper, cucumber.api.testng.CucumberFeatureWrapper)[pri:0, instance:com.guru99.runners.CukesRunner@e45f292]" name="runScenario" class="cucumber.api.testng.AbstractTestNGCucumberTests"/>
      </group> <!-- cucumber -->
    </groups>
    <test name="Default test" duration-ms="70238" started-at="2018-07-24T22:14:36Z" finished-at="2018-07-24T22:15:46Z">
      <class name="com.guru99.runners.CukesRunner">
        <test-method status="PASS" signature="setUpClass()[pri:0, instance:com.guru99.runners.CukesRunner@e45f292]" name="setUpClass" is-config="true" duration-ms="147" started-at="2018-07-24T22:14:36Z" finished-at="2018-07-24T22:14:36Z">
          <reporter-output>
          </reporter-output>
        </test-method> <!-- setUpClass -->
        <test-method status="PASS" signature="runScenario(cucumber.api.testng.PickleEventWrapper, cucumber.api.testng.CucumberFeatureWrapper)[pri:0, instance:com.guru99.runners.CukesRunner@e45f292]" name="runScenario" duration-ms="20420" started-at="2018-07-24T22:14:36Z" description="Runs Cucumber Scenarios" data-provider="scenarios" finished-at="2018-07-24T22:14:56Z">
          <params>
            <param index="0">
              <value>
                <![CDATA["Verify customer id"]]>
              </value>
            </param>
            <param index="1">
              <value>
                <![CDATA["Edit customer"]]>
              </value>
            </param>
          </params>
          <reporter-output>
            <line>
              <![CDATA[<div "result">I logged in to my bank account (PASSED : 11s)</div>]]>
            </line>
            <line>
              <![CDATA[<div "result">I am on edit customer page (PASSED : 0s)</div>]]>
            </line>
            <line>
              <![CDATA[<div "result">I  enter &quot;empty&quot; value in customer id field (PASSED : 0s)</div>]]>
            </line>
            <line>
              <![CDATA[<div "result">I press tab and move to next field (PASSED : 0s)</div>]]>
            </line>
            <line>
              <![CDATA[<div "result">Error message &quot;Customer ID is required&quot; for id should be displayed (PASSED : 0s)</div>]]>
            </line>
          </reporter-output>
        </test-method> <!-- runScenario -->
        <test-method status="FAIL" signature="runScenario(cucumber.api.testng.PickleEventWrapper, cucumber.api.testng.CucumberFeatureWrapper)[pri:0, instance:com.guru99.runners.CukesRunner@e45f292]" name="runScenario" duration-ms="12443" started-at="2018-07-24T22:14:56Z" description="Runs Cucumber Scenarios" data-provider="scenarios" finished-at="2018-07-24T22:15:09Z">
          <params>
            <param index="0">
              <value>
                <![CDATA["Verify customer id"]]>
              </value>
            </param>
            <param index="1">
              <value>
                <![CDATA["Edit customer"]]>
              </value>
            </param>
          </params>
          <exception class="java.lang.AssertionError">
            <message>
              <![CDATA[expected [Characters are not allowed] but found []]]>
            </message>
            <full-stacktrace>
              <![CDATA[java.lang.AssertionError: expected [Characters are not allowed] but found []
at org.testng.Assert.fail(Assert.java:96)
at org.testng.Assert.failNotEquals(Assert.java:776)
at org.testng.Assert.assertEqualsImpl(Assert.java:137)
at org.testng.Assert.assertEquals(Assert.java:118)
at org.testng.Assert.assertEquals(Assert.java:453)
at org.testng.Assert.assertEquals(Assert.java:463)
at com.guru99.step_definitions.EditCustomerStepDefs.error_message_for_id_should_be_displayed(EditCustomerStepDefs.java:42)
at ✽.Error message "Characters are not allowed" for id should be displayed(src/test/resources/com/guru99/features/EditCustomer.feature:13)
]]>
            </full-stacktrace>
          </exception> <!-- java.lang.AssertionError -->
          <reporter-output>
            <line>
              <![CDATA[<div "result">I logged in to my bank account (PASSED : 10s)</div>]]>
            </line>
            <line>
              <![CDATA[<div "result">I am on edit customer page (PASSED : 0s)</div>]]>
            </line>
            <line>
              <![CDATA[<div "result">I  enter &quot;1234Acc&quot; value in customer id field (PASSED : 0s)</div>]]>
            </line>
            <line>
              <![CDATA[<div "result">I press tab and move to next field (PASSED : 0s)</div>]]>
            </line>
            <line>
              <![CDATA[<div "result">Error message &quot;Characters are not allowed&quot; for id should be displayed (FAILED : 0s)</div>]]>
            </line>
          </reporter-output>
        </test-method> <!-- runScenario -->
        <test-method status="FAIL" signature="runScenario(cucumber.api.testng.PickleEventWrapper, cucumber.api.testng.CucumberFeatureWrapper)[pri:0, instance:com.guru99.runners.CukesRunner@e45f292]" name="runScenario" duration-ms="12688" started-at="2018-07-24T22:15:09Z" description="Runs Cucumber Scenarios" data-provider="scenarios" finished-at="2018-07-24T22:15:21Z">
          <params>
            <param index="0">
              <value>
                <![CDATA["Verify customer id"]]>
              </value>
            </param>
            <param index="1">
              <value>
                <![CDATA["Edit customer"]]>
              </value>
            </param>
          </params>
          <exception class="java.lang.AssertionError">
            <message>
              <![CDATA[expected [Characters are not allowed] but found []]]>
            </message>
            <full-stacktrace>
              <![CDATA[java.lang.AssertionError: expected [Characters are not allowed] but found []
at org.testng.Assert.fail(Assert.java:96)
at org.testng.Assert.failNotEquals(Assert.java:776)
at org.testng.Assert.assertEqualsImpl(Assert.java:137)
at org.testng.Assert.assertEquals(Assert.java:118)
at org.testng.Assert.assertEquals(Assert.java:453)
at org.testng.Assert.assertEquals(Assert.java:463)
at com.guru99.step_definitions.EditCustomerStepDefs.error_message_for_id_should_be_displayed(EditCustomerStepDefs.java:42)
at ✽.Error message "Characters are not allowed" for id should be displayed(src/test/resources/com/guru99/features/EditCustomer.feature:13)
]]>
            </full-stacktrace>
          </exception> <!-- java.lang.AssertionError -->
          <reporter-output>
            <line>
              <![CDATA[<div "result">I logged in to my bank account (PASSED : 11s)</div>]]>
            </line>
            <line>
              <![CDATA[<div "result">I am on edit customer page (PASSED : 0s)</div>]]>
            </line>
            <line>
              <![CDATA[<div "result">I  enter &quot;Acc123&quot; value in customer id field (PASSED : 0s)</div>]]>
            </line>
            <line>
              <![CDATA[<div "result">I press tab and move to next field (PASSED : 0s)</div>]]>
            </line>
            <line>
              <![CDATA[<div "result">Error message &quot;Characters are not allowed&quot; for id should be displayed (FAILED : 0s)</div>]]>
            </line>
          </reporter-output>
        </test-method> <!-- runScenario -->
        <test-method status="PASS" signature="runScenario(cucumber.api.testng.PickleEventWrapper, cucumber.api.testng.CucumberFeatureWrapper)[pri:0, instance:com.guru99.runners.CukesRunner@e45f292]" name="runScenario" duration-ms="11978" started-at="2018-07-24T22:15:21Z" description="Runs Cucumber Scenarios" data-provider="scenarios" finished-at="2018-07-24T22:15:33Z">
          <params>
            <param index="0">
              <value>
                <![CDATA["Verify customer id"]]>
              </value>
            </param>
            <param index="1">
              <value>
                <![CDATA["Edit customer"]]>
              </value>
            </param>
          </params>
          <reporter-output>
            <line>
              <![CDATA[<div "result">I logged in to my bank account (PASSED : 10s)</div>]]>
            </line>
            <line>
              <![CDATA[<div "result">I am on edit customer page (PASSED : 0s)</div>]]>
            </line>
            <line>
              <![CDATA[<div "result">I  enter &quot;name!@&quot; value in customer id field (PASSED : 0s)</div>]]>
            </line>
            <line>
              <![CDATA[<div "result">I press tab and move to next field (PASSED : 0s)</div>]]>
            </line>
            <line>
              <![CDATA[<div "result">Error message &quot;Special characters are not allowed&quot; for id should be displayed (PASSED : 0s)</div>]]>
            </line>
          </reporter-output>
        </test-method> <!-- runScenario -->
        <test-method status="PASS" signature="runScenario(cucumber.api.testng.PickleEventWrapper, cucumber.api.testng.CucumberFeatureWrapper)[pri:0, instance:com.guru99.runners.CukesRunner@e45f292]" name="runScenario" duration-ms="12454" started-at="2018-07-24T22:15:33Z" description="Runs Cucumber Scenarios" data-provider="scenarios" finished-at="2018-07-24T22:15:46Z">
          <params>
            <param index="0">
              <value>
                <![CDATA["Verify customer id"]]>
              </value>
            </param>
            <param index="1">
              <value>
                <![CDATA["Edit customer"]]>
              </value>
            </param>
          </params>
          <reporter-output>
            <line>
              <![CDATA[<div "result">I logged in to my bank account (PASSED : 11s)</div>]]>
            </line>
            <line>
              <![CDATA[<div "result">I am on edit customer page (PASSED : 0s)</div>]]>
            </line>
            <line>
              <![CDATA[<div "result">I  enter &quot;!@&quot; value in customer id field (PASSED : 0s)</div>]]>
            </line>
            <line>
              <![CDATA[<div "result">I press tab and move to next field (PASSED : 0s)</div>]]>
            </line>
            <line>
              <![CDATA[<div "result">Error message &quot;Special characters are not allowed&quot; for id should be displayed (PASSED : 0s)</div>]]>
            </line>
          </reporter-output>
        </test-method> <!-- runScenario -->
        <test-method status="PASS" signature="tearDownClass()[pri:0, instance:com.guru99.runners.CukesRunner@e45f292]" name="tearDownClass" is-config="true" duration-ms="48" started-at="2018-07-24T22:15:46Z" finished-at="2018-07-24T22:15:46Z">
          <reporter-output>
          </reporter-output>
        </test-method> <!-- tearDownClass -->
      </class> <!-- com.guru99.runners.CukesRunner -->
    </test> <!-- Default test -->
  </suite> <!-- Default suite -->
</testng-results>
