<?xml version="1.0" encoding="UTF-8"?>
<!-- Generated by org.testng.reporters.JUnitReportReporter -->
<testsuite skipped="0" hostname="IT" name="com.guru99.runners.CukesRunner" tests="5" failures="2" timestamp="24 Jul 2018 22:15:46 GMT" time="69.983" errors="0">
  <testcase name="runScenario" time="12.688" classname="com.guru99.runners.CukesRunner">
    <failure type="java.lang.AssertionError" message="expected [Characters are not allowed] but found []">
      <![CDATA[java.lang.AssertionError: expected [Characters are not allowed] but found []
at org.testng.Assert.fail(Assert.java:96)
at org.testng.Assert.failNotEquals(Assert.java:776)
at org.testng.Assert.assertEqualsImpl(Assert.java:137)
at org.testng.Assert.assertEquals(Assert.java:118)
at org.testng.Assert.assertEquals(Assert.java:453)
at org.testng.Assert.assertEquals(Assert.java:463)
at com.guru99.step_definitions.EditCustomerStepDefs.error_message_for_id_should_be_displayed(EditCustomerStepDefs.java:42)
at ✽.Error message "Characters are not allowed" for id should be displayed(src/test/resources/com/guru99/features/EditCustomer.feature:13)
]]>
    </failure>
  </testcase> <!-- runScenario -->
  <testcase name="runScenario" time="12.443" classname="com.guru99.runners.CukesRunner">
    <failure type="java.lang.AssertionError" message="expected [Characters are not allowed] but found []">
      <![CDATA[java.lang.AssertionError: expected [Characters are not allowed] but found []
at org.testng.Assert.fail(Assert.java:96)
at org.testng.Assert.failNotEquals(Assert.java:776)
at org.testng.Assert.assertEqualsImpl(Assert.java:137)
at org.testng.Assert.assertEquals(Assert.java:118)
at org.testng.Assert.assertEquals(Assert.java:453)
at org.testng.Assert.assertEquals(Assert.java:463)
at com.guru99.step_definitions.EditCustomerStepDefs.error_message_for_id_should_be_displayed(EditCustomerStepDefs.java:42)
at ✽.Error message "Characters are not allowed" for id should be displayed(src/test/resources/com/guru99/features/EditCustomer.feature:13)
]]>
    </failure>
  </testcase> <!-- runScenario -->
  <testcase name="runScenario" time="11.978" classname="com.guru99.runners.CukesRunner"/>
  <testcase name="runScenario" time="12.454" classname="com.guru99.runners.CukesRunner"/>
  <testcase name="runScenario" time="20.420" classname="com.guru99.runners.CukesRunner"/>
</testsuite> <!-- com.guru99.runners.CukesRunner -->
